Analysis & Synthesis report for SAP_U
Thu Dec 12 21:10:26 2024
Quartus Prime Version 23.1std.0 Build 991 11/28/2023 SC Lite Edition


---------------------
; Table of Contents ;
---------------------
  1. Legal Notice
  2. Analysis & Synthesis Summary
  3. Analysis & Synthesis Settings
  4. Parallel Compilation
  5. Analysis & Synthesis Source Files Read
  6. Analysis & Synthesis Resource Usage Summary
  7. Analysis & Synthesis Resource Utilization by Entity
  8. General Register Statistics
  9. Port Connectivity Checks: "alu:m_alu|sn54173_quad_flip_flop:flags_reg"
 10. Port Connectivity Checks: "alu:m_alu|dm74ls283_quad_adder:adder1|full_adder:adder_chain[4].full_adder_inst"
 11. Port Connectivity Checks: "alu:m_alu|dm74ls283_quad_adder:adder1|full_adder:adder_chain[3].full_adder_inst"
 12. Port Connectivity Checks: "alu:m_alu|dm74ls283_quad_adder:adder1|full_adder:adder_chain[2].full_adder_inst"
 13. Port Connectivity Checks: "alu:m_alu|dm74ls283_quad_adder:adder1|full_adder:adder_chain[1].full_adder_inst"
 14. Port Connectivity Checks: "alu:m_alu"
 15. Port Connectivity Checks: "register:register_b"
 16. Port Connectivity Checks: "register:register_a|sn54173_quad_flip_flop:sn54173_1|d_flip_flop:g_d_flip_flops[3].dff"
 17. Port Connectivity Checks: "register:register_a|sn54173_quad_flip_flop:sn54173_1|d_flip_flop:g_d_flip_flops[2].dff"
 18. Port Connectivity Checks: "register:register_a|sn54173_quad_flip_flop:sn54173_1|d_flip_flop:g_d_flip_flops[1].dff"
 19. Port Connectivity Checks: "register:register_a|sn54173_quad_flip_flop:sn54173_1|d_flip_flop:g_d_flip_flops[0].dff"
 20. Port Connectivity Checks: "register:register_a"
 21. Post-Synthesis Netlist Statistics for Top Partition
 22. Elapsed Time Per Partition
 23. Analysis & Synthesis Messages



----------------
; Legal Notice ;
----------------
Copyright (C) 2023  Intel Corporation. All rights reserved.
Your use of Intel Corporation's design tools, logic functions 
and other software and tools, and any partner logic 
functions, and any output files from any of the foregoing 
(including device programming or simulation files), and any 
associated documentation or information are expressly subject 
to the terms and conditions of the Intel Program License 
Subscription Agreement, the Intel Quartus Prime License Agreement,
the Intel FPGA IP License Agreement, or other applicable license
agreement, including, without limitation, that your use is for
the sole purpose of programming logic devices manufactured by
Intel and sold by Intel or its authorized distributors.  Please
refer to the applicable agreement for further details, at
https://fpgasoftware.intel.com/eula.



+----------------------------------------------------------------------------------+
; Analysis & Synthesis Summary                                                     ;
+---------------------------------+------------------------------------------------+
; Analysis & Synthesis Status     ; Successful - Thu Dec 12 21:10:26 2024          ;
; Quartus Prime Version           ; 23.1std.0 Build 991 11/28/2023 SC Lite Edition ;
; Revision Name                   ; SAP_U                                          ;
; Top-level Entity Name           ; SAP_U                                          ;
; Family                          ; Cyclone V                                      ;
; Logic utilization (in ALMs)     ; N/A                                            ;
; Total registers                 ; 2                                              ;
; Total pins                      ; 32                                             ;
; Total virtual pins              ; 0                                              ;
; Total block memory bits         ; 0                                              ;
; Total DSP Blocks                ; 0                                              ;
; Total HSSI RX PCSs              ; 0                                              ;
; Total HSSI PMA RX Deserializers ; 0                                              ;
; Total HSSI TX PCSs              ; 0                                              ;
; Total HSSI PMA TX Serializers   ; 0                                              ;
; Total PLLs                      ; 0                                              ;
; Total DLLs                      ; 0                                              ;
+---------------------------------+------------------------------------------------+


+---------------------------------------------------------------------------------------------------------------------------+
; Analysis & Synthesis Settings                                                                                             ;
+---------------------------------------------------------------------------------+--------------------+--------------------+
; Option                                                                          ; Setting            ; Default Value      ;
+---------------------------------------------------------------------------------+--------------------+--------------------+
; Device                                                                          ; 5CSEMA5F31C6       ;                    ;
; Top-level entity name                                                           ; SAP_U              ; SAP_U              ;
; Family name                                                                     ; Cyclone V          ; Cyclone V          ;
; Use smart compilation                                                           ; Off                ; Off                ;
; Enable parallel Assembler and Timing Analyzer during compilation                ; On                 ; On                 ;
; Enable compact report table                                                     ; Off                ; Off                ;
; Restructure Multiplexers                                                        ; Auto               ; Auto               ;
; MLAB Add Timing Constraints For Mixed-Port Feed-Through Mode Setting Don't Care ; Off                ; Off                ;
; Create Debugging Nodes for IP Cores                                             ; Off                ; Off                ;
; Preserve fewer node names                                                       ; On                 ; On                 ;
; Intel FPGA IP Evaluation Mode                                                   ; Enable             ; Enable             ;
; Verilog Version                                                                 ; Verilog_2001       ; Verilog_2001       ;
; VHDL Version                                                                    ; VHDL_1993          ; VHDL_1993          ;
; State Machine Processing                                                        ; Auto               ; Auto               ;
; Safe State Machine                                                              ; Off                ; Off                ;
; Extract Verilog State Machines                                                  ; On                 ; On                 ;
; Extract VHDL State Machines                                                     ; On                 ; On                 ;
; Ignore Verilog initial constructs                                               ; Off                ; Off                ;
; Iteration limit for constant Verilog loops                                      ; 5000               ; 5000               ;
; Iteration limit for non-constant Verilog loops                                  ; 250                ; 250                ;
; Add Pass-Through Logic to Inferred RAMs                                         ; On                 ; On                 ;
; Infer RAMs from Raw Logic                                                       ; On                 ; On                 ;
; Parallel Synthesis                                                              ; On                 ; On                 ;
; DSP Block Balancing                                                             ; Auto               ; Auto               ;
; NOT Gate Push-Back                                                              ; On                 ; On                 ;
; Power-Up Don't Care                                                             ; On                 ; On                 ;
; Remove Redundant Logic Cells                                                    ; Off                ; Off                ;
; Remove Duplicate Registers                                                      ; On                 ; On                 ;
; Ignore CARRY Buffers                                                            ; Off                ; Off                ;
; Ignore CASCADE Buffers                                                          ; Off                ; Off                ;
; Ignore GLOBAL Buffers                                                           ; Off                ; Off                ;
; Ignore ROW GLOBAL Buffers                                                       ; Off                ; Off                ;
; Ignore LCELL Buffers                                                            ; Off                ; Off                ;
; Ignore SOFT Buffers                                                             ; On                 ; On                 ;
; Limit AHDL Integers to 32 Bits                                                  ; Off                ; Off                ;
; Optimization Technique                                                          ; Balanced           ; Balanced           ;
; Carry Chain Length                                                              ; 70                 ; 70                 ;
; Auto Carry Chains                                                               ; On                 ; On                 ;
; Auto Open-Drain Pins                                                            ; On                 ; On                 ;
; Perform WYSIWYG Primitive Resynthesis                                           ; Off                ; Off                ;
; Auto ROM Replacement                                                            ; On                 ; On                 ;
; Auto RAM Replacement                                                            ; On                 ; On                 ;
; Auto DSP Block Replacement                                                      ; On                 ; On                 ;
; Auto Shift Register Replacement                                                 ; Auto               ; Auto               ;
; Allow Shift Register Merging across Hierarchies                                 ; Auto               ; Auto               ;
; Auto Clock Enable Replacement                                                   ; On                 ; On                 ;
; Strict RAM Replacement                                                          ; Off                ; Off                ;
; Allow Synchronous Control Signals                                               ; On                 ; On                 ;
; Force Use of Synchronous Clear Signals                                          ; Off                ; Off                ;
; Auto Resource Sharing                                                           ; Off                ; Off                ;
; Allow Any RAM Size For Recognition                                              ; Off                ; Off                ;
; Allow Any ROM Size For Recognition                                              ; Off                ; Off                ;
; Allow Any Shift Register Size For Recognition                                   ; Off                ; Off                ;
; Use LogicLock Constraints during Resource Balancing                             ; On                 ; On                 ;
; Ignore translate_off and synthesis_off directives                               ; Off                ; Off                ;
; Timing-Driven Synthesis                                                         ; On                 ; On                 ;
; Report Parameter Settings                                                       ; On                 ; On                 ;
; Report Source Assignments                                                       ; On                 ; On                 ;
; Report Connectivity Checks                                                      ; On                 ; On                 ;
; Ignore Maximum Fan-Out Assignments                                              ; Off                ; Off                ;
; Synchronization Register Chain Length                                           ; 3                  ; 3                  ;
; Power Optimization During Synthesis                                             ; Normal compilation ; Normal compilation ;
; HDL message level                                                               ; Level2             ; Level2             ;
; Suppress Register Optimization Related Messages                                 ; Off                ; Off                ;
; Number of Removed Registers Reported in Synthesis Report                        ; 5000               ; 5000               ;
; Number of Swept Nodes Reported in Synthesis Report                              ; 5000               ; 5000               ;
; Number of Inverted Registers Reported in Synthesis Report                       ; 100                ; 100                ;
; Clock MUX Protection                                                            ; On                 ; On                 ;
; Auto Gated Clock Conversion                                                     ; Off                ; Off                ;
; Block Design Naming                                                             ; Auto               ; Auto               ;
; SDC constraint protection                                                       ; Off                ; Off                ;
; Synthesis Effort                                                                ; Auto               ; Auto               ;
; Shift Register Replacement - Allow Asynchronous Clear Signal                    ; On                 ; On                 ;
; Pre-Mapping Resynthesis Optimization                                            ; Off                ; Off                ;
; Analysis & Synthesis Message Level                                              ; Medium             ; Medium             ;
; Disable Register Merging Across Hierarchies                                     ; Auto               ; Auto               ;
; Resource Aware Inference For Block RAM                                          ; On                 ; On                 ;
; Automatic Parallel Synthesis                                                    ; On                 ; On                 ;
; Partial Reconfiguration Bitstream ID                                            ; Off                ; Off                ;
+---------------------------------------------------------------------------------+--------------------+--------------------+


+------------------------------------------+
; Parallel Compilation                     ;
+----------------------------+-------------+
; Processors                 ; Number      ;
+----------------------------+-------------+
; Number detected on machine ; 12          ;
; Maximum allowed            ; 6           ;
;                            ;             ;
; Average used               ; 1.00        ;
; Maximum used               ; 6           ;
;                            ;             ;
; Usage by Processor         ; % Time Used ;
;     Processor 1            ; 100.0%      ;
;     Processor 2            ;   0.0%      ;
;     Processors 3-6         ;   0.0%      ;
+----------------------------+-------------+


+----------------------------------------------------------------------------------------------------------------------------------------------------------------+
; Analysis & Synthesis Source Files Read                                                                                                                         ;
+-------------------------------------+-----------------+------------------------+---------------------------------------------------------------------+---------+
; File Name with User-Entered Path    ; Used in Netlist ; File Type              ; File Name with Absolute Path                                        ; Library ;
+-------------------------------------+-----------------+------------------------+---------------------------------------------------------------------+---------+
; hdl/common/full_adder.v             ; yes             ; User Verilog HDL File  ; /home/swami/Documents/SAP-U/Sim/hdl/common/full_adder.v             ;         ;
; hdl/common/dm74ls283_quad_adder.v   ; yes             ; User Verilog HDL File  ; /home/swami/Documents/SAP-U/Sim/hdl/common/dm74ls283_quad_adder.v   ;         ;
; hdl/common/sn54173_quad_flip_flop.v ; yes             ; User Verilog HDL File  ; /home/swami/Documents/SAP-U/Sim/hdl/common/sn54173_quad_flip_flop.v ;         ;
; hdl/Modules/SAP_U.v                 ; yes             ; User Verilog HDL File  ; /home/swami/Documents/SAP-U/Sim/hdl/Modules/SAP_U.v                 ;         ;
; hdl/Modules/register.v              ; yes             ; User Verilog HDL File  ; /home/swami/Documents/SAP-U/Sim/hdl/Modules/register.v              ;         ;
; hdl/Modules/alu.v                   ; yes             ; User Verilog HDL File  ; /home/swami/Documents/SAP-U/Sim/hdl/Modules/alu.v                   ;         ;
; hdl/common/d_flip_flop.v            ; yes             ; User Verilog HDL File  ; /home/swami/Documents/SAP-U/Sim/hdl/common/d_flip_flop.v            ;         ;
+-------------------------------------+-----------------+------------------------+---------------------------------------------------------------------+---------+


+---------------------------------------------------------------------+
; Analysis & Synthesis Resource Usage Summary                         ;
+---------------------------------------------+-----------------------+
; Resource                                    ; Usage                 ;
+---------------------------------------------+-----------------------+
; Estimate of Logic utilization (ALMs needed) ; 4                     ;
;                                             ;                       ;
; Combinational ALUT usage for logic          ; 5                     ;
;     -- 7 input functions                    ; 0                     ;
;     -- 6 input functions                    ; 2                     ;
;     -- 5 input functions                    ; 1                     ;
;     -- 4 input functions                    ; 0                     ;
;     -- <=3 input functions                  ; 2                     ;
;                                             ;                       ;
; Dedicated logic registers                   ; 2                     ;
;                                             ;                       ;
; I/O pins                                    ; 32                    ;
;                                             ;                       ;
; Total DSP Blocks                            ; 0                     ;
;                                             ;                       ;
; Maximum fan-out node                        ; alu:m_alu|result[2]~2 ;
; Maximum fan-out                             ; 6                     ;
; Total fan-out                               ; 69                    ;
; Average fan-out                             ; 0.97                  ;
+---------------------------------------------+-----------------------+


+-----------------------------------------------------------------------------------------------------------------------------------------------------------------------------------------------------------------------------------------------------------------------------------------------+
; Analysis & Synthesis Resource Utilization by Entity                                                                                                                                                                                                                                           ;
+----------------------------------------------+---------------------+---------------------------+-------------------+------------+------+--------------+-----------------------------------------------------------------------------------------------+------------------------+--------------+
; Compilation Hierarchy Node                   ; Combinational ALUTs ; Dedicated Logic Registers ; Block Memory Bits ; DSP Blocks ; Pins ; Virtual Pins ; Full Hierarchy Name                                                                           ; Entity Name            ; Library Name ;
+----------------------------------------------+---------------------+---------------------------+-------------------+------------+------+--------------+-----------------------------------------------------------------------------------------------+------------------------+--------------+
; |SAP_U                                       ; 5 (0)               ; 2 (0)                     ; 0                 ; 0          ; 32   ; 0            ; |SAP_U                                                                                        ; SAP_U                  ; work         ;
;    |alu:m_alu|                               ; 3 (3)               ; 0 (0)                     ; 0                 ; 0          ; 0    ; 0            ; |SAP_U|alu:m_alu                                                                              ; alu                    ; work         ;
;    |register:register_a|                     ; 1 (0)               ; 1 (0)                     ; 0                 ; 0          ; 0    ; 0            ; |SAP_U|register:register_a                                                                    ; register               ; work         ;
;       |sn54173_quad_flip_flop:sn54173_1|     ; 1 (0)               ; 1 (0)                     ; 0                 ; 0          ; 0    ; 0            ; |SAP_U|register:register_a|sn54173_quad_flip_flop:sn54173_1                                   ; sn54173_quad_flip_flop ; work         ;
;          |d_flip_flop:g_d_flip_flops[0].dff| ; 1 (1)               ; 1 (1)                     ; 0                 ; 0          ; 0    ; 0            ; |SAP_U|register:register_a|sn54173_quad_flip_flop:sn54173_1|d_flip_flop:g_d_flip_flops[0].dff ; d_flip_flop            ; work         ;
;    |register:register_b|                     ; 1 (0)               ; 1 (0)                     ; 0                 ; 0          ; 0    ; 0            ; |SAP_U|register:register_b                                                                    ; register               ; work         ;
;       |sn54173_quad_flip_flop:sn54173_1|     ; 1 (0)               ; 1 (0)                     ; 0                 ; 0          ; 0    ; 0            ; |SAP_U|register:register_b|sn54173_quad_flip_flop:sn54173_1                                   ; sn54173_quad_flip_flop ; work         ;
;          |d_flip_flop:g_d_flip_flops[0].dff| ; 1 (1)               ; 1 (1)                     ; 0                 ; 0          ; 0    ; 0            ; |SAP_U|register:register_b|sn54173_quad_flip_flop:sn54173_1|d_flip_flop:g_d_flip_flops[0].dff ; d_flip_flop            ; work         ;
+----------------------------------------------+---------------------+---------------------------+-------------------+------------+------+--------------+-----------------------------------------------------------------------------------------------+------------------------+--------------+
Note: For table entries with two numbers listed, the numbers in parentheses indicate the number of resources of the given type used by the specific entity alone. The numbers listed outside of parentheses indicate the total resources of the given type used by the specific entity and all of its sub-entities in the hierarchy.


+------------------------------------------------------+
; General Register Statistics                          ;
+----------------------------------------------+-------+
; Statistic                                    ; Value ;
+----------------------------------------------+-------+
; Total registers                              ; 2     ;
; Number of registers using Synchronous Clear  ; 0     ;
; Number of registers using Synchronous Load   ; 0     ;
; Number of registers using Asynchronous Clear ; 2     ;
; Number of registers using Asynchronous Load  ; 0     ;
; Number of registers using Clock Enable       ; 0     ;
; Number of registers using Preset             ; 0     ;
+----------------------------------------------+-------+


+-------------------------------------------------------------------------------------------------------------------------------------------------------------------------+
; Port Connectivity Checks: "alu:m_alu|sn54173_quad_flip_flop:flags_reg"                                                                                                  ;
+------+--------+----------+----------------------------------------------------------------------------------------------------------------------------------------------+
; Port ; Type   ; Severity ; Details                                                                                                                                      ;
+------+--------+----------+----------------------------------------------------------------------------------------------------------------------------------------------+
; m    ; Input  ; Info     ; Stuck at GND                                                                                                                                 ;
; n    ; Input  ; Info     ; Stuck at GND                                                                                                                                 ;
; data ; Input  ; Warning  ; Input port expression (2 bits) is smaller than the input port (4 bits) it drives.  Extra input bit(s) "data[3..2]" will be connected to GND. ;
; q    ; Output ; Warning  ; Output or bidir port (4 bits) is wider than the port expression (2 bits) it drives; bit(s) "q[3..2]" have no fanouts                         ;
+------+--------+----------+----------------------------------------------------------------------------------------------------------------------------------------------+


+-------------------------------------------------------------------------------------------------------------+
; Port Connectivity Checks: "alu:m_alu|dm74ls283_quad_adder:adder1|full_adder:adder_chain[4].full_adder_inst" ;
+------+--------+----------+----------------------------------------------------------------------------------+
; Port ; Type   ; Severity ; Details                                                                          ;
+------+--------+----------+----------------------------------------------------------------------------------+
; cout ; Output ; Info     ; Explicitly unconnected                                                           ;
+------+--------+----------+----------------------------------------------------------------------------------+


+-------------------------------------------------------------------------------------------------------------+
; Port Connectivity Checks: "alu:m_alu|dm74ls283_quad_adder:adder1|full_adder:adder_chain[3].full_adder_inst" ;
+------+--------+----------+----------------------------------------------------------------------------------+
; Port ; Type   ; Severity ; Details                                                                          ;
+------+--------+----------+----------------------------------------------------------------------------------+
; cout ; Output ; Info     ; Explicitly unconnected                                                           ;
+------+--------+----------+----------------------------------------------------------------------------------+


+-------------------------------------------------------------------------------------------------------------+
; Port Connectivity Checks: "alu:m_alu|dm74ls283_quad_adder:adder1|full_adder:adder_chain[2].full_adder_inst" ;
+------+--------+----------+----------------------------------------------------------------------------------+
; Port ; Type   ; Severity ; Details                                                                          ;
+------+--------+----------+----------------------------------------------------------------------------------+
; cout ; Output ; Info     ; Explicitly unconnected                                                           ;
+------+--------+----------+----------------------------------------------------------------------------------+


+-------------------------------------------------------------------------------------------------------------+
; Port Connectivity Checks: "alu:m_alu|dm74ls283_quad_adder:adder1|full_adder:adder_chain[1].full_adder_inst" ;
+------+--------+----------+----------------------------------------------------------------------------------+
; Port ; Type   ; Severity ; Details                                                                          ;
+------+--------+----------+----------------------------------------------------------------------------------+
; cout ; Output ; Info     ; Explicitly unconnected                                                           ;
+------+--------+----------+----------------------------------------------------------------------------------+


+-----------------------------------------------------------------------------------------------------------------------------------------------------------------------------+
; Port Connectivity Checks: "alu:m_alu"                                                                                                                                       ;
+----------+--------+----------+----------------------------------------------------------------------------------------------------------------------------------------------+
; Port     ; Type   ; Severity ; Details                                                                                                                                      ;
+----------+--------+----------+----------------------------------------------------------------------------------------------------------------------------------------------+
; a        ; Input  ; Warning  ; Input port expression (1 bits) is smaller than the input port (8 bits) it drives.  Extra input bit(s) "a[7..1]" will be connected to GND.    ;
; b        ; Input  ; Warning  ; Input port expression (1 bits) is smaller than the input port (8 bits) it drives.  Extra input bit(s) "b[7..1]" will be connected to GND.    ;
; flag_fi  ; Input  ; Warning  ; Declared by entity but not connected by instance. If a default value exists, it will be used.  Otherwise, the port will be connected to GND. ;
; flag_clr ; Input  ; Warning  ; Declared by entity but not connected by instance. If a default value exists, it will be used.  Otherwise, the port will be connected to GND. ;
; clk      ; Input  ; Warning  ; Declared by entity but not connected by instance. If a default value exists, it will be used.  Otherwise, the port will be connected to GND. ;
; flag_out ; Output ; Warning  ; Declared by entity but not connected by instance. Logic that only feeds a dangling port will be removed.                                     ;
+----------+--------+----------+----------------------------------------------------------------------------------------------------------------------------------------------+


+-------------------------------------------------------------------------------------------------------------------------------------------------+
; Port Connectivity Checks: "register:register_b"                                                                                                 ;
+------+--------+----------+----------------------------------------------------------------------------------------------------------------------+
; Port ; Type   ; Severity ; Details                                                                                                              ;
+------+--------+----------+----------------------------------------------------------------------------------------------------------------------+
; q    ; Output ; Warning  ; Output or bidir port (8 bits) is wider than the port expression (1 bits) it drives; bit(s) "q[7..1]" have no fanouts ;
+------+--------+----------+----------------------------------------------------------------------------------------------------------------------+


+--------------------------------------------------------------------------------------------------------------------+
; Port Connectivity Checks: "register:register_a|sn54173_quad_flip_flop:sn54173_1|d_flip_flop:g_d_flip_flops[3].dff" ;
+-------+--------+----------+----------------------------------------------------------------------------------------+
; Port  ; Type   ; Severity ; Details                                                                                ;
+-------+--------+----------+----------------------------------------------------------------------------------------+
; q_not ; Output ; Info     ; Connected to dangling logic. Logic that only feeds a dangling port will be removed.    ;
+-------+--------+----------+----------------------------------------------------------------------------------------+


+--------------------------------------------------------------------------------------------------------------------+
; Port Connectivity Checks: "register:register_a|sn54173_quad_flip_flop:sn54173_1|d_flip_flop:g_d_flip_flops[2].dff" ;
+-------+--------+----------+----------------------------------------------------------------------------------------+
; Port  ; Type   ; Severity ; Details                                                                                ;
+-------+--------+----------+----------------------------------------------------------------------------------------+
; q_not ; Output ; Info     ; Connected to dangling logic. Logic that only feeds a dangling port will be removed.    ;
+-------+--------+----------+----------------------------------------------------------------------------------------+


+--------------------------------------------------------------------------------------------------------------------+
; Port Connectivity Checks: "register:register_a|sn54173_quad_flip_flop:sn54173_1|d_flip_flop:g_d_flip_flops[1].dff" ;
+-------+--------+----------+----------------------------------------------------------------------------------------+
; Port  ; Type   ; Severity ; Details                                                                                ;
+-------+--------+----------+----------------------------------------------------------------------------------------+
; q_not ; Output ; Info     ; Connected to dangling logic. Logic that only feeds a dangling port will be removed.    ;
+-------+--------+----------+----------------------------------------------------------------------------------------+


+--------------------------------------------------------------------------------------------------------------------+
; Port Connectivity Checks: "register:register_a|sn54173_quad_flip_flop:sn54173_1|d_flip_flop:g_d_flip_flops[0].dff" ;
+-------+--------+----------+----------------------------------------------------------------------------------------+
; Port  ; Type   ; Severity ; Details                                                                                ;
+-------+--------+----------+----------------------------------------------------------------------------------------+
; q_not ; Output ; Info     ; Connected to dangling logic. Logic that only feeds a dangling port will be removed.    ;
+-------+--------+----------+----------------------------------------------------------------------------------------+


+-------------------------------------------------------------------------------------------------------------------------------------------------+
; Port Connectivity Checks: "register:register_a"                                                                                                 ;
+------+--------+----------+----------------------------------------------------------------------------------------------------------------------+
; Port ; Type   ; Severity ; Details                                                                                                              ;
+------+--------+----------+----------------------------------------------------------------------------------------------------------------------+
; q    ; Output ; Warning  ; Output or bidir port (8 bits) is wider than the port expression (1 bits) it drives; bit(s) "q[7..1]" have no fanouts ;
+------+--------+----------+----------------------------------------------------------------------------------------------------------------------+


+-----------------------------------------------------+
; Post-Synthesis Netlist Statistics for Top Partition ;
+-----------------------+-----------------------------+
; Type                  ; Count                       ;
+-----------------------+-----------------------------+
; arriav_ff             ; 2                           ;
;     CLR               ; 2                           ;
; arriav_lcell_comb     ; 5                           ;
;     normal            ; 5                           ;
;         3 data inputs ; 2                           ;
;         5 data inputs ; 1                           ;
;         6 data inputs ; 2                           ;
; boundary_port         ; 32                          ;
;                       ;                             ;
; Max LUT depth         ; 1.00                        ;
; Average LUT depth     ; 0.88                        ;
+-----------------------+-----------------------------+


+-------------------------------+
; Elapsed Time Per Partition    ;
+----------------+--------------+
; Partition Name ; Elapsed Time ;
+----------------+--------------+
; Top            ; 00:00:00     ;
+----------------+--------------+


+-------------------------------+
; Analysis & Synthesis Messages ;
+-------------------------------+
Info: *******************************************************************
Info: Running Quartus Prime Analysis & Synthesis
    Info: Version 23.1std.0 Build 991 11/28/2023 SC Lite Edition
    Info: Processing started: Thu Dec 12 21:10:20 2024
Info: Command: quartus_map --read_settings_files=on --write_settings_files=off SAP_U -c SAP_U
Warning (18236): Number of processors has not been specified which may cause overloading on shared machines.  Set the global assignment NUM_PARALLEL_PROCESSORS in your QSF to an appropriate value for best performance.
Info (20030): Parallel compilation is enabled and will use 6 of the 6 processors detected
Info (12021): Found 1 design units, including 1 entities, in source file hdl/common/sr_latch.v
    Info (12023): Found entity 1: sr_latch File: /home/swami/Documents/SAP-U/Sim/hdl/common/sr_latch.v Line: 2
Info (12021): Found 1 design units, including 1 entities, in source file hdl/common/full_adder.v
    Info (12023): Found entity 1: full_adder File: /home/swami/Documents/SAP-U/Sim/hdl/common/full_adder.v Line: 2
Info (12021): Found 1 design units, including 1 entities, in source file hdl/common/dm74ls283_quad_adder.v
    Info (12023): Found entity 1: dm74ls283_quad_adder File: /home/swami/Documents/SAP-U/Sim/hdl/common/dm74ls283_quad_adder.v Line: 2
Info (12021): Found 1 design units, including 1 entities, in source file hdl/common/d_latch.v
    Info (12023): Found entity 1: d_latch File: /home/swami/Documents/SAP-U/Sim/hdl/common/d_latch.v Line: 2
Info (12021): Found 1 design units, including 1 entities, in source file hdl/common/sn54173_quad_flip_flop.v
    Info (12023): Found entity 1: sn54173_quad_flip_flop File: /home/swami/Documents/SAP-U/Sim/hdl/common/sn54173_quad_flip_flop.v Line: 2
Info (12021): Found 1 design units, including 1 entities, in source file hdl/Modules/SAP_U.v
    Info (12023): Found entity 1: SAP_U File: /home/swami/Documents/SAP-U/Sim/hdl/Modules/SAP_U.v Line: 4
Info (12021): Found 1 design units, including 1 entities, in source file hdl/Modules/register.v
    Info (12023): Found entity 1: register File: /home/swami/Documents/SAP-U/Sim/hdl/Modules/register.v Line: 7
Info (12021): Found 1 design units, including 1 entities, in source file hdl/Modules/instruction_register.v
    Info (12023): Found entity 1: instruction_register File: /home/swami/Documents/SAP-U/Sim/hdl/Modules/instruction_register.v Line: 9
Info (12021): Found 1 design units, including 1 entities, in source file hdl/Modules/alu.v
    Info (12023): Found entity 1: alu File: /home/swami/Documents/SAP-U/Sim/hdl/Modules/alu.v Line: 2
Info (12021): Found 1 design units, including 1 entities, in source file hdl/common/d_flip_flop.v
    Info (12023): Found entity 1: d_flip_flop File: /home/swami/Documents/SAP-U/Sim/hdl/common/d_flip_flop.v Line: 2
Info (12127): Elaborating entity "SAP_U" for the top level hierarchy
Info (12128): Elaborating entity "register" for hierarchy "register:register_a" File: /home/swami/Documents/SAP-U/Sim/hdl/Modules/SAP_U.v Line: 38
Info (12128): Elaborating entity "sn54173_quad_flip_flop" for hierarchy "register:register_a|sn54173_quad_flip_flop:sn54173_1" File: /home/swami/Documents/SAP-U/Sim/hdl/Modules/register.v Line: 24
Info (12128): Elaborating entity "d_flip_flop" for hierarchy "register:register_a|sn54173_quad_flip_flop:sn54173_1|d_flip_flop:g_d_flip_flops[0].dff" File: /home/swami/Documents/SAP-U/Sim/hdl/common/sn54173_quad_flip_flop.v Line: 34
Info (12128): Elaborating entity "alu" for hierarchy "alu:m_alu" File: /home/swami/Documents/SAP-U/Sim/hdl/Modules/SAP_U.v Line: 54
Info (12128): Elaborating entity "dm74ls283_quad_adder" for hierarchy "alu:m_alu|dm74ls283_quad_adder:adder1" File: /home/swami/Documents/SAP-U/Sim/hdl/Modules/alu.v Line: 33
Info (12128): Elaborating entity "full_adder" for hierarchy "alu:m_alu|dm74ls283_quad_adder:adder1|full_adder:adder_chain[1].full_adder_inst" File: /home/swami/Documents/SAP-U/Sim/hdl/common/dm74ls283_quad_adder.v Line: 37
Warning (12241): 4 hierarchies have connectivity warnings - see the Connectivity Checks report folder
Info (286030): Timing-Driven Synthesis is running
Info (16010): Generating hard_block partition "hard_block:auto_generated_inst"
    Info (16011): Adding 0 node(s), including 0 DDIO, 0 PLL, 0 transceiver and 0 LCELL
Warning (21074): Design contains 14 input pin(s) that do not drive logic
    Warning (15610): No output dependent on input pin "reg_a_idata[1]" File: /home/swami/Documents/SAP-U/Sim/hdl/Modules/SAP_U.v Line: 12
    Warning (15610): No output dependent on input pin "reg_a_idata[2]" File: /home/swami/Documents/SAP-U/Sim/hdl/Modules/SAP_U.v Line: 12
    Warning (15610): No output dependent on input pin "reg_a_idata[3]" File: /home/swami/Documents/SAP-U/Sim/hdl/Modules/SAP_U.v Line: 12
    Warning (15610): No output dependent on input pin "reg_a_idata[4]" File: /home/swami/Documents/SAP-U/Sim/hdl/Modules/SAP_U.v Line: 12
    Warning (15610): No output dependent on input pin "reg_a_idata[5]" File: /home/swami/Documents/SAP-U/Sim/hdl/Modules/SAP_U.v Line: 12
    Warning (15610): No output dependent on input pin "reg_a_idata[6]" File: /home/swami/Documents/SAP-U/Sim/hdl/Modules/SAP_U.v Line: 12
    Warning (15610): No output dependent on input pin "reg_a_idata[7]" File: /home/swami/Documents/SAP-U/Sim/hdl/Modules/SAP_U.v Line: 12
    Warning (15610): No output dependent on input pin "reg_b_idata[1]" File: /home/swami/Documents/SAP-U/Sim/hdl/Modules/SAP_U.v Line: 17
    Warning (15610): No output dependent on input pin "reg_b_idata[2]" File: /home/swami/Documents/SAP-U/Sim/hdl/Modules/SAP_U.v Line: 17
    Warning (15610): No output dependent on input pin "reg_b_idata[3]" File: /home/swami/Documents/SAP-U/Sim/hdl/Modules/SAP_U.v Line: 17
    Warning (15610): No output dependent on input pin "reg_b_idata[4]" File: /home/swami/Documents/SAP-U/Sim/hdl/Modules/SAP_U.v Line: 17
    Warning (15610): No output dependent on input pin "reg_b_idata[5]" File: /home/swami/Documents/SAP-U/Sim/hdl/Modules/SAP_U.v Line: 17
    Warning (15610): No output dependent on input pin "reg_b_idata[6]" File: /home/swami/Documents/SAP-U/Sim/hdl/Modules/SAP_U.v Line: 17
    Warning (15610): No output dependent on input pin "reg_b_idata[7]" File: /home/swami/Documents/SAP-U/Sim/hdl/Modules/SAP_U.v Line: 17
Info (21057): Implemented 37 device resources after synthesis - the final resource count might be different
    Info (21058): Implemented 24 input pins
    Info (21059): Implemented 8 output pins
    Info (21061): Implemented 5 logic cells
Info: Quartus Prime Analysis & Synthesis was successful. 0 errors, 17 warnings
    Info: Peak virtual memory: 500 megabytes
    Info: Processing ended: Thu Dec 12 21:10:26 2024
    Info: Elapsed time: 00:00:06
    Info: Total CPU time (on all processors): 00:00:13


